<?xml version="1.0" encoding="UTF-8"?>
<testsuites>
  <testsuite name="hello" timestamp="2024-07-08T10:25:30Z" hostname="936e597b9ea5" tests="3" skipped="0" failures="0" errors="0" time="0.224">
    <testcase time="0.012" classname="hello" name="hello_works"/>
    <testcase time="0.2" classname="hello" name="hello_cli_works"/>
    <testcase time="0.012" classname="hello" name="fix_me_"/>
  </testsuite>
</testsuites>
